g++ -pedantic -Wall -Wextra -Wcast-align -Wcast-qual -Wctor-dtor-privacy -Wdisabled-optimization -Wformat=2 -Winit-self -Wmissing-include-dirs -Wold-style-cast -Woverloaded-virtual -Wredundant-decls -Wshadow -Wsign-promo -Wstrict-null-sentinel -Wswitch-default -Wundef -Wno-unused  -O0 -g -c -o testAstParser.o testAstParser.cc
In file included from testAstParser.cc:1:
AstParser.h:78: error: ‘AstOneOrMoreCommaExpressionHandle’ was not declared in this scope
AstParser.h:78: error: template argument 1 is invalid
AstParser.h:84: error: ‘AstOneOrMoreCommaExpressionHandle’ has not been declared
AstParser.h: In constructor ‘AstOneOrMoreCommaExpressionParser::AstOneOrMoreCommaExpressionParser(TokenStructureHandle, TokenHandle)’:
AstParser.h:82: error: ‘initFromToken’ was not declared in this scope
AstParser.h: At global scope:
AstParser.h:89: error: ‘AstZeroOrOneNameOfGateInstanceHandle’ was not declared in this scope
AstParser.h:89: error: template argument 1 is invalid
AstParser.h:95: error: ‘AstZeroOrOneNameOfGateInstanceHandle’ has not been declared
AstParser.h: In constructor ‘AstZeroOrOneNameOfGateInstanceParser::AstZeroOrOneNameOfGateInstanceParser(TokenStructureHandle, TokenHandle)’:
AstParser.h:93: error: ‘initFromToken’ was not declared in this scope
AstParser.h: At global scope:
AstParser.h:100: error: ‘AstGateInstantiationOutputHandle’ was not declared in this scope
AstParser.h:100: error: template argument 1 is invalid
AstParser.h:106: error: ‘AstGateInstantiationOutputHandle’ has not been declared
AstParser.h: In constructor ‘AstGateInstantiationOutputParser::AstGateInstantiationOutputParser(TokenStructureHandle, TokenHandle)’:
AstParser.h:104: error: ‘initFromToken’ was not declared in this scope
AstParser.h: At global scope:
AstParser.h:111: error: ‘AstDelayOrEventControlHandle’ was not declared in this scope
AstParser.h:111: error: template argument 1 is invalid
AstParser.h:117: error: ‘AstDelayOrEventControlHandle’ has not been declared
AstParser.h: In constructor ‘AstDelayOrEventControlParser::AstDelayOrEventControlParser(TokenStructureHandle, TokenHandle)’:
AstParser.h:115: error: ‘initFromToken’ was not declared in this scope
AstParser.h: At global scope:
AstParser.h:122: error: ‘AstNOutputGateInstanceHandle’ was not declared in this scope
AstParser.h:122: error: template argument 1 is invalid
AstParser.h:128: error: ‘AstNOutputGateInstanceHandle’ has not been declared
AstParser.h: In constructor ‘AstNOutputGateInstanceParser::AstNOutputGateInstanceParser(TokenStructureHandle, TokenHandle)’:
AstParser.h:126: error: ‘initFromToken’ was not declared in this scope
AstParser.h: At global scope:
AstParser.h:133: error: ‘AstNInputGateInstanceHandle’ was not declared in this scope
AstParser.h:133: error: template argument 1 is invalid
AstParser.h:139: error: ‘AstNInputGateInstanceHandle’ has not been declared
AstParser.h: In constructor ‘AstNInputGateInstanceParser::AstNInputGateInstanceParser(TokenStructureHandle, TokenHandle)’:
AstParser.h:137: error: ‘initFromToken’ was not declared in this scope
AstParser.h: At global scope:
AstParser.h:144: error: ‘AstRegAssignmentHandle’ was not declared in this scope
AstParser.h:144: error: template argument 1 is invalid
AstParser.h:150: error: ‘AstRegAssignmentHandle’ has not been declared
AstParser.h: In constructor ‘AstRegAssignmentParser::AstRegAssignmentParser(TokenStructureHandle, TokenHandle)’:
AstParser.h:148: error: ‘initFromToken’ was not declared in this scope
AstParser.h: At global scope:
AstParser.h:155: error: ‘AstZeroOrOneConstantBitSelectHandle’ was not declared in this scope
AstParser.h:155: error: template argument 1 is invalid
AstParser.h:161: error: ‘AstZeroOrOneConstantBitSelectHandle’ has not been declared
AstParser.h: In constructor ‘AstZeroOrOneConstantBitSelectParser::AstZeroOrOneConstantBitSelectParser(TokenStructureHandle, TokenHandle)’:
AstParser.h:159: error: ‘initFromToken’ was not declared in this scope
AstParser.h: At global scope:
AstParser.h:166: error: ‘AstOneOrMoreSelectHandle’ was not declared in this scope
AstParser.h:166: error: template argument 1 is invalid
AstParser.h:172: error: ‘AstOneOrMoreSelectHandle’ has not been declared
AstParser.h: In constructor ‘AstOneOrMoreSelectParser::AstOneOrMoreSelectParser(TokenStructureHandle, TokenHandle)’:
AstParser.h:170: error: ‘initFromToken’ was not declared in this scope
AstParser.h: At global scope:
AstParser.h:177: error: ‘AstEventControlHandle’ was not declared in this scope
AstParser.h:177: error: template argument 1 is invalid
AstParser.h:183: error: ‘AstEventControlHandle’ has not been declared
AstParser.h: In constructor ‘AstEventControlParser::AstEventControlParser(TokenStructureHandle, TokenHandle)’:
AstParser.h:181: error: ‘initFromToken’ was not declared in this scope
AstParser.h: At global scope:
AstParser.h:188: error: ‘AstZeroOrMoreCommaNetAssignmentHandle’ was not declared in this scope
AstParser.h:188: error: template argument 1 is invalid
AstParser.h:194: error: ‘AstZeroOrMoreCommaNetAssignmentHandle’ has not been declared
AstParser.h: In constructor ‘AstZeroOrMoreCommaNetAssignmentParser::AstZeroOrMoreCommaNetAssignmentParser(TokenStructureHandle, TokenHandle)’:
AstParser.h:192: error: ‘initFromToken’ was not declared in this scope
AstParser.h: At global scope:
AstParser.h:199: error: ‘AstBinaryConstantExpressionHandle’ was not declared in this scope
AstParser.h:199: error: template argument 1 is invalid
AstParser.h:205: error: ‘AstBinaryConstantExpressionHandle’ has not been declared
AstParser.h: In constructor ‘AstBinaryConstantExpressionParser::AstBinaryConstantExpressionParser(TokenStructureHandle, TokenHandle)’:
AstParser.h:203: error: ‘initFromToken’ was not declared in this scope
AstParser.h: At global scope:
AstParser.h:210: error: ‘AstProceduralTimingControlStatementHandle’ was not declared in this scope
AstParser.h:210: error: template argument 1 is invalid
AstParser.h:216: error: ‘AstProceduralTimingControlStatementHandle’ has not been declared
AstParser.h: In constructor ‘AstProceduralTimingControlStatementParser::AstProceduralTimingControlStatementParser(TokenStructureHandle, TokenHandle)’:
AstParser.h:214: error: ‘initFromToken’ was not declared in this scope
AstParser.h: At global scope:
AstParser.h:221: error: ‘AstEventOrAsteriskHandle’ was not declared in this scope
AstParser.h:221: error: template argument 1 is invalid
AstParser.h:227: error: ‘AstEventOrAsteriskHandle’ has not been declared
AstParser.h: In constructor ‘AstEventOrAsteriskParser::AstEventOrAsteriskParser(TokenStructureHandle, TokenHandle)’:
AstParser.h:225: error: ‘initFromToken’ was not declared in this scope
AstParser.h: At global scope:
AstParser.h:232: error: ‘AstZeroOrMoreCommaNInputGateInstanceHandle’ was not declared in this scope
AstParser.h:232: error: template argument 1 is invalid
AstParser.h:238: error: ‘AstZeroOrMoreCommaNInputGateInstanceHandle’ has not been declared
AstParser.h: In constructor ‘AstZeroOrMoreCommaNInputGateInstanceParser::AstZeroOrMoreCommaNInputGateInstanceParser(TokenStructureHandle, TokenHandle)’:
AstParser.h:236: error: ‘initFromToken’ was not declared in this scope
AstParser.h: At global scope:
AstParser.h:243: error: ‘AstIdentifierHandle’ was not declared in this scope
AstParser.h:243: error: template argument 1 is invalid
AstParser.h:249: error: ‘AstIdentifierHandle’ has not been declared
AstParser.h: In constructor ‘AstIdentifierParser::AstIdentifierParser(TokenStructureHandle, TokenHandle)’:
AstParser.h:247: error: ‘initFromToken’ was not declared in this scope
AstParser.h: At global scope:
AstParser.h:254: error: ‘AstContinuousAssignHandle’ was not declared in this scope
AstParser.h:254: error: template argument 1 is invalid
AstParser.h:260: error: ‘AstContinuousAssignHandle’ has not been declared
AstParser.h: In constructor ‘AstContinuousAssignParser::AstContinuousAssignParser(TokenStructureHandle, TokenHandle)’:
AstParser.h:258: error: ‘initFromToken’ was not declared in this scope
AstParser.h: At global scope:
AstParser.h:265: error: ‘AstNumberHandle’ was not declared in this scope
AstParser.h:265: error: template argument 1 is invalid
AstParser.h:271: error: ‘AstNumberHandle’ has not been declared
AstParser.h: In constructor ‘AstNumberParser::AstNumberParser(TokenStructureHandle, TokenHandle)’:
AstParser.h:269: error: ‘initFromToken’ was not declared in this scope
AstParser.h: At global scope:
AstParser.h:276: error: ‘AstPosedgeExpressionHandle’ was not declared in this scope
AstParser.h:276: error: template argument 1 is invalid
AstParser.h:282: error: ‘AstPosedgeExpressionHandle’ has not been declared
AstParser.h: In constructor ‘AstPosedgeExpressionParser::AstPosedgeExpressionParser(TokenStructureHandle, TokenHandle)’:
AstParser.h:280: error: ‘initFromToken’ was not declared in this scope
AstParser.h: At global scope:
AstParser.h:287: error: ‘AstNetLvalueBitSelectHandle’ was not declared in this scope
AstParser.h:287: error: template argument 1 is invalid
AstParser.h:293: error: ‘AstNetLvalueBitSelectHandle’ has not been declared
AstParser.h: In constructor ‘AstNetLvalueBitSelectParser::AstNetLvalueBitSelectParser(TokenStructureHandle, TokenHandle)’:
AstParser.h:291: error: ‘initFromToken’ was not declared in this scope
AstParser.h: At global scope:
AstParser.h:298: error: ‘AstKeywordOrHandle’ was not declared in this scope
AstParser.h:298: error: template argument 1 is invalid
AstParser.h:304: error: ‘AstKeywordOrHandle’ has not been declared
AstParser.h: In constructor ‘AstKeywordOrParser::AstKeywordOrParser(TokenStructureHandle, TokenHandle)’:
AstParser.h:302: error: ‘initFromToken’ was not declared in this scope
AstParser.h: At global scope:
AstParser.h:309: error: ‘AstBinaryNumberHandle’ was not declared in this scope
AstParser.h:309: error: template argument 1 is invalid
AstParser.h:315: error: ‘AstBinaryNumberHandle’ has not been declared
AstParser.h: In constructor ‘AstBinaryNumberParser::AstBinaryNumberParser(TokenStructureHandle, TokenHandle)’:
AstParser.h:313: error: ‘initFromToken’ was not declared in this scope
AstParser.h: At global scope:
AstParser.h:320: error: ‘AstUnaryOperatorHandle’ was not declared in this scope
AstParser.h:320: error: template argument 1 is invalid
AstParser.h:326: error: ‘AstUnaryOperatorHandle’ has not been declared
AstParser.h: In constructor ‘AstUnaryOperatorParser::AstUnaryOperatorParser(TokenStructureHandle, TokenHandle)’:
AstParser.h:324: error: ‘initFromToken’ was not declared in this scope
AstParser.h: At global scope:
AstParser.h:331: error: ‘AstNonBlockingAssignmentSemicolonHandle’ was not declared in this scope
AstParser.h:331: error: template argument 1 is invalid
AstParser.h:337: error: ‘AstNonBlockingAssignmentSemicolonHandle’ has not been declared
AstParser.h: In constructor ‘AstNonBlockingAssignmentSemicolonParser::AstNonBlockingAssignmentSemicolonParser(TokenStructureHandle, TokenHandle)’:
AstParser.h:335: error: ‘initFromToken’ was not declared in this scope
AstParser.h: At global scope:
AstParser.h:342: error: ‘AstConstantPrimaryHandle’ was not declared in this scope
AstParser.h:342: error: template argument 1 is invalid
AstParser.h:348: error: ‘AstConstantPrimaryHandle’ has not been declared
AstParser.h: In constructor ‘AstConstantPrimaryParser::AstConstantPrimaryParser(TokenStructureHandle, TokenHandle)’:
AstParser.h:346: error: ‘initFromToken’ was not declared in this scope
AstParser.h: At global scope:
AstParser.h:353: error: ‘AstNetLvalueHandle’ was not declared in this scope
AstParser.h:353: error: template argument 1 is invalid
AstParser.h:359: error: ‘AstNetLvalueHandle’ has not been declared
AstParser.h: In constructor ‘AstNetLvalueParser::AstNetLvalueParser(TokenStructureHandle, TokenHandle)’:
AstParser.h:357: error: ‘initFromToken’ was not declared in this scope
AstParser.h: At global scope:
AstParser.h:364: error: ‘AstNonBlockingAssignmentHandle’ was not declared in this scope
AstParser.h:364: error: template argument 1 is invalid
AstParser.h:370: error: ‘AstNonBlockingAssignmentHandle’ has not been declared
AstParser.h: In constructor ‘AstNonBlockingAssignmentParser::AstNonBlockingAssignmentParser(TokenStructureHandle, TokenHandle)’:
AstParser.h:368: error: ‘initFromToken’ was not declared in this scope
AstParser.h: At global scope:
AstParser.h:375: error: ‘AstZeroOrMoreCommaOutputTerminalHandle’ was not declared in this scope
AstParser.h:375: error: template argument 1 is invalid
AstParser.h:381: error: ‘AstZeroOrMoreCommaOutputTerminalHandle’ has not been declared
AstParser.h: In constructor ‘AstZeroOrMoreCommaOutputTerminalParser::AstZeroOrMoreCommaOutputTerminalParser(TokenStructureHandle, TokenHandle)’:
AstParser.h:379: error: ‘initFromToken’ was not declared in this scope
AstParser.h: At global scope:
AstParser.h:386: error: ‘AstStatementHandle’ was not declared in this scope
AstParser.h:386: error: template argument 1 is invalid
AstParser.h:392: error: ‘AstStatementHandle’ has not been declared
AstParser.h: In constructor ‘AstStatementParser::AstStatementParser(TokenStructureHandle, TokenHandle)’:
AstParser.h:390: error: ‘initFromToken’ was not declared in this scope
AstParser.h: At global scope:
AstParser.h:397: error: ‘AstGateInstantiationHandle’ was not declared in this scope
AstParser.h:397: error: template argument 1 is invalid
AstParser.h:403: error: ‘AstGateInstantiationHandle’ has not been declared
AstParser.h: In constructor ‘AstGateInstantiationParser::AstGateInstantiationParser(TokenStructureHandle, TokenHandle)’:
AstParser.h:401: error: ‘initFromToken’ was not declared in this scope
AstParser.h: At global scope:
AstParser.h:408: error: ‘AstRangeHandle’ was not declared in this scope
AstParser.h:408: error: template argument 1 is invalid
AstParser.h:414: error: ‘AstRangeHandle’ has not been declared
AstParser.h: In constructor ‘AstRangeParser::AstRangeParser(TokenStructureHandle, TokenHandle)’:
AstParser.h:412: error: ‘initFromToken’ was not declared in this scope
AstParser.h: At global scope:
AstParser.h:419: error: ‘AstProceduralContinuousAssignmentHandle’ was not declared in this scope
AstParser.h:419: error: template argument 1 is invalid
AstParser.h:425: error: ‘AstProceduralContinuousAssignmentHandle’ has not been declared
AstParser.h: In constructor ‘AstProceduralContinuousAssignmentParser::AstProceduralContinuousAssignmentParser(TokenStructureHandle, TokenHandle)’:
AstParser.h:423: error: ‘initFromToken’ was not declared in this scope
AstParser.h: At global scope:
AstParser.h:430: error: ‘AstSelectHandle’ was not declared in this scope
AstParser.h:430: error: template argument 1 is invalid
AstParser.h:436: error: ‘AstSelectHandle’ has not been declared
AstParser.h: In constructor ‘AstSelectParser::AstSelectParser(TokenStructureHandle, TokenHandle)’:
AstParser.h:434: error: ‘initFromToken’ was not declared in this scope
AstParser.h: At global scope:
AstParser.h:441: error: ‘AstBinaryExpressionHandle’ was not declared in this scope
AstParser.h:441: error: template argument 1 is invalid
AstParser.h:447: error: ‘AstBinaryExpressionHandle’ has not been declared
AstParser.h: In constructor ‘AstBinaryExpressionParser::AstBinaryExpressionParser(TokenStructureHandle, TokenHandle)’:
AstParser.h:445: error: ‘initFromToken’ was not declared in this scope
AstParser.h: At global scope:
AstParser.h:452: error: ‘AstZeroOrMoreCommaNOutputGateInstanceHandle’ was not declared in this scope
AstParser.h:452: error: template argument 1 is invalid
AstParser.h:458: error: ‘AstZeroOrMoreCommaNOutputGateInstanceHandle’ has not been declared
AstParser.h: In constructor ‘AstZeroOrMoreCommaNOutputGateInstanceParser::AstZeroOrMoreCommaNOutputGateInstanceParser(TokenStructureHandle, TokenHandle)’:
AstParser.h:456: error: ‘initFromToken’ was not declared in this scope
AstParser.h: At global scope:
AstParser.h:463: error: ‘AstEventOrEventHandle’ was not declared in this scope
AstParser.h:463: error: template argument 1 is invalid
AstParser.h:469: error: ‘AstEventOrEventHandle’ has not been declared
AstParser.h: In constructor ‘AstEventOrEventParser::AstEventOrEventParser(TokenStructureHandle, TokenHandle)’:
AstParser.h:467: error: ‘initFromToken’ was not declared in this scope
AstParser.h: At global scope:
AstParser.h:474: error: ‘AstGateInstantiationInputHandle’ was not declared in this scope
AstParser.h:474: error: template argument 1 is invalid
AstParser.h:480: error: ‘AstGateInstantiationInputHandle’ has not been declared
AstParser.h: In constructor ‘AstGateInstantiationInputParser::AstGateInstantiationInputParser(TokenStructureHandle, TokenHandle)’:
AstParser.h:478: error: ‘initFromToken’ was not declared in this scope
AstParser.h: At global scope:
AstParser.h:485: error: ‘AstUnaryConstantExpressionHandle’ was not declared in this scope
AstParser.h:485: error: template argument 1 is invalid
AstParser.h:491: error: ‘AstUnaryConstantExpressionHandle’ has not been declared
AstParser.h: In constructor ‘AstUnaryConstantExpressionParser::AstUnaryConstantExpressionParser(TokenStructureHandle, TokenHandle)’:
AstParser.h:489: error: ‘initFromToken’ was not declared in this scope
AstParser.h: At global scope:
AstParser.h:496: error: ‘AstNetLvalueRangeSelectHandle’ was not declared in this scope
AstParser.h:496: error: template argument 1 is invalid
AstParser.h:502: error: ‘AstNetLvalueRangeSelectHandle’ has not been declared
AstParser.h: In constructor ‘AstNetLvalueRangeSelectParser::AstNetLvalueRangeSelectParser(TokenStructureHandle, TokenHandle)’:
AstParser.h:500: error: ‘initFromToken’ was not declared in this scope
AstParser.h: At global scope:
AstParser.h:507: error: ‘AstBracedExpressionHandle’ was not declared in this scope
AstParser.h:507: error: template argument 1 is invalid
AstParser.h:513: error: ‘AstBracedExpressionHandle’ has not been declared
AstParser.h: In constructor ‘AstBracedExpressionParser::AstBracedExpressionParser(TokenStructureHandle, TokenHandle)’:
AstParser.h:511: error: ‘initFromToken’ was not declared in this scope
AstParser.h: At global scope:
AstParser.h:518: error: ‘AstTernaryExpressionHandle’ was not declared in this scope
AstParser.h:518: error: template argument 1 is invalid
AstParser.h:524: error: ‘AstTernaryExpressionHandle’ has not been declared
AstParser.h: In constructor ‘AstTernaryExpressionParser::AstTernaryExpressionParser(TokenStructureHandle, TokenHandle)’:
AstParser.h:522: error: ‘initFromToken’ was not declared in this scope
AstParser.h: At global scope:
AstParser.h:529: error: ‘AstNInputGateTypeHandle’ was not declared in this scope
AstParser.h:529: error: template argument 1 is invalid
AstParser.h:535: error: ‘AstNInputGateTypeHandle’ has not been declared
AstParser.h: In constructor ‘AstNInputGateTypeParser::AstNInputGateTypeParser(TokenStructureHandle, TokenHandle)’:
AstParser.h:533: error: ‘initFromToken’ was not declared in this scope
AstParser.h: At global scope:
AstParser.h:540: error: ‘AstBinaryOperatorHandle’ was not declared in this scope
AstParser.h:540: error: template argument 1 is invalid
AstParser.h:546: error: ‘AstBinaryOperatorHandle’ has not been declared
AstParser.h: In constructor ‘AstBinaryOperatorParser::AstBinaryOperatorParser(TokenStructureHandle, TokenHandle)’:
AstParser.h:544: error: ‘initFromToken’ was not declared in this scope
AstParser.h: At global scope:
AstParser.h:551: error: ‘AstZeroOrOneRangeHandle’ was not declared in this scope
AstParser.h:551: error: template argument 1 is invalid
AstParser.h:557: error: ‘AstZeroOrOneRangeHandle’ has not been declared
AstParser.h: In constructor ‘AstZeroOrOneRangeParser::AstZeroOrOneRangeParser(TokenStructureHandle, TokenHandle)’:
AstParser.h:555: error: ‘initFromToken’ was not declared in this scope
AstParser.h: At global scope:
AstParser.h:562: error: ‘AstEventCommaEventHandle’ was not declared in this scope
AstParser.h:562: error: template argument 1 is invalid
AstParser.h:568: error: ‘AstEventCommaEventHandle’ has not been declared
AstParser.h: In constructor ‘AstEventCommaEventParser::AstEventCommaEventParser(TokenStructureHandle, TokenHandle)’:
AstParser.h:566: error: ‘initFromToken’ was not declared in this scope
AstParser.h: At global scope:
AstParser.h:573: error: ‘BracedConstantExpressionHandle’ was not declared in this scope
AstParser.h:573: error: template argument 1 is invalid
AstParser.h:579: error: ‘BracedConstantExpressionHandle’ has not been declared
AstParser.h: In constructor ‘BracedConstantExpressionParser::BracedConstantExpressionParser(TokenStructureHandle, TokenHandle)’:
AstParser.h:577: error: ‘initFromToken’ was not declared in this scope
AstParser.h: At global scope:
AstParser.h:584: error: ‘AstRegLvalueHandle’ was not declared in this scope
AstParser.h:584: error: template argument 1 is invalid
AstParser.h:590: error: ‘AstRegLvalueHandle’ has not been declared
AstParser.h: In constructor ‘AstRegLvalueParser::AstRegLvalueParser(TokenStructureHandle, TokenHandle)’:
AstParser.h:588: error: ‘initFromToken’ was not declared in this scope
AstParser.h: At global scope:
AstParser.h:595: error: ‘AstAtEventOrAsteriskHandle’ was not declared in this scope
AstParser.h:595: error: template argument 1 is invalid
AstParser.h:601: error: ‘AstAtEventOrAsteriskHandle’ has not been declared
AstParser.h: In constructor ‘AstAtEventOrAsteriskParser::AstAtEventOrAsteriskParser(TokenStructureHandle, TokenHandle)’:
AstParser.h:599: error: ‘initFromToken’ was not declared in this scope
AstParser.h: At global scope:
AstParser.h:606: error: ‘AstProceduralContinuousAssignmentSemicolonHandle’ was not declared in this scope
AstParser.h:606: error: template argument 1 is invalid
In file included from testAstParser.cc:1:
AstParser.h:612: error: ‘AstProceduralContinuousAssignmentSemicolonHandle’ has not been declared
AstParser.h: In constructor ‘AstProceduralContinuousAssignmentSemicolonParser::AstProceduralContinuousAssignmentSemicolonParser(TokenStructureHandle, TokenHandle)’:
AstParser.h:610: error: ‘initFromToken’ was not declared in this scope
AstParser.h: At global scope:
AstParser.h:617: error: ‘AstPrimaryHandle’ was not declared in this scope
AstParser.h:617: error: template argument 1 is invalid
AstParser.h:623: error: ‘AstPrimaryHandle’ has not been declared
AstParser.h: In constructor ‘AstPrimaryParser::AstPrimaryParser(TokenStructureHandle, TokenHandle)’:
AstParser.h:621: error: ‘initFromToken’ was not declared in this scope
AstParser.h: At global scope:
AstParser.h:628: error: ‘AstHeximalNumberHandle’ was not declared in this scope
AstParser.h:628: error: template argument 1 is invalid
AstParser.h:634: error: ‘AstHeximalNumberHandle’ has not been declared
AstParser.h: In constructor ‘AstHeximalNumberParser::AstHeximalNumberParser(TokenStructureHandle, TokenHandle)’:
AstParser.h:632: error: ‘initFromToken’ was not declared in this scope
AstParser.h: At global scope:
AstParser.h:639: error: ‘AstNOutputGateTypeHandle’ was not declared in this scope
AstParser.h:639: error: template argument 1 is invalid
AstParser.h:645: error: ‘AstNOutputGateTypeHandle’ has not been declared
AstParser.h: In constructor ‘AstNOutputGateTypeParser::AstNOutputGateTypeParser(TokenStructureHandle, TokenHandle)’:
AstParser.h:643: error: ‘initFromToken’ was not declared in this scope
AstParser.h: At global scope:
AstParser.h:650: error: ‘AstEventExpressionHandle’ was not declared in this scope
AstParser.h:650: error: template argument 1 is invalid
AstParser.h:656: error: ‘AstEventExpressionHandle’ has not been declared
AstParser.h: In constructor ‘AstEventExpressionParser::AstEventExpressionParser(TokenStructureHandle, TokenHandle)’:
AstParser.h:654: error: ‘initFromToken’ was not declared in this scope
AstParser.h: At global scope:
AstParser.h:661: error: ‘AstSingleIdentifierHandle’ was not declared in this scope
AstParser.h:661: error: template argument 1 is invalid
AstParser.h:667: error: ‘AstSingleIdentifierHandle’ has not been declared
AstParser.h: In constructor ‘AstSingleIdentifierParser::AstSingleIdentifierParser(TokenStructureHandle, TokenHandle)’:
AstParser.h:665: error: ‘initFromToken’ was not declared in this scope
AstParser.h: At global scope:
AstParser.h:672: error: ‘AstConstantExpressionHandle’ was not declared in this scope
AstParser.h:672: error: template argument 1 is invalid
AstParser.h:678: error: ‘AstConstantExpressionHandle’ has not been declared
AstParser.h: In constructor ‘AstConstantExpressionParser::AstConstantExpressionParser(TokenStructureHandle, TokenHandle)’:
AstParser.h:676: error: ‘initFromToken’ was not declared in this scope
AstParser.h: At global scope:
AstParser.h:683: error: ‘AstConstantBitSelectHandle’ was not declared in this scope
AstParser.h:683: error: template argument 1 is invalid
AstParser.h:689: error: ‘AstConstantBitSelectHandle’ has not been declared
AstParser.h: In constructor ‘AstConstantBitSelectParser::AstConstantBitSelectParser(TokenStructureHandle, TokenHandle)’:
AstParser.h:687: error: ‘initFromToken’ was not declared in this scope
AstParser.h: At global scope:
AstParser.h:694: error: ‘AstBitSelectHandle’ was not declared in this scope
AstParser.h:694: error: template argument 1 is invalid
AstParser.h:700: error: ‘AstBitSelectHandle’ has not been declared
AstParser.h: In constructor ‘AstBitSelectParser::AstBitSelectParser(TokenStructureHandle, TokenHandle)’:
AstParser.h:698: error: ‘initFromToken’ was not declared in this scope
AstParser.h: At global scope:
AstParser.h:705: error: ‘AstNegedgeExpressionHandle’ was not declared in this scope
AstParser.h:705: error: template argument 1 is invalid
AstParser.h:711: error: ‘AstNegedgeExpressionHandle’ has not been declared
AstParser.h: In constructor ‘AstNegedgeExpressionParser::AstNegedgeExpressionParser(TokenStructureHandle, TokenHandle)’:
AstParser.h:709: error: ‘initFromToken’ was not declared in this scope
AstParser.h: At global scope:
AstParser.h:716: error: ‘AstRangeSelectHandle’ was not declared in this scope
AstParser.h:716: error: template argument 1 is invalid
AstParser.h:722: error: ‘AstRangeSelectHandle’ has not been declared
AstParser.h: In constructor ‘AstRangeSelectParser::AstRangeSelectParser(TokenStructureHandle, TokenHandle)’:
AstParser.h:720: error: ‘initFromToken’ was not declared in this scope
AstParser.h: At global scope:
AstParser.h:727: error: ‘AstInputTerminalHandle’ was not declared in this scope
AstParser.h:727: error: template argument 1 is invalid
AstParser.h:733: error: ‘AstInputTerminalHandle’ has not been declared
AstParser.h: In constructor ‘AstInputTerminalParser::AstInputTerminalParser(TokenStructureHandle, TokenHandle)’:
AstParser.h:731: error: ‘initFromToken’ was not declared in this scope
AstParser.h: At global scope:
AstParser.h:738: error: ‘AstExpressionHandle’ was not declared in this scope
AstParser.h:738: error: template argument 1 is invalid
AstParser.h:744: error: ‘AstExpressionHandle’ has not been declared
AstParser.h: In constructor ‘AstExpressionParser::AstExpressionParser(TokenStructureHandle, TokenHandle)’:
AstParser.h:742: error: ‘initFromToken’ was not declared in this scope
AstParser.h: At global scope:
AstParser.h:749: error: ‘AstMultipleConcatenationHandle’ was not declared in this scope
AstParser.h:749: error: template argument 1 is invalid
AstParser.h:755: error: ‘AstMultipleConcatenationHandle’ has not been declared
AstParser.h: In constructor ‘AstMultipleConcatenationParser::AstMultipleConcatenationParser(TokenStructureHandle, TokenHandle)’:
AstParser.h:753: error: ‘initFromToken’ was not declared in this scope
AstParser.h: At global scope:
AstParser.h:760: error: ‘AstTernaryConstantExpressionHandle’ was not declared in this scope
AstParser.h:760: error: template argument 1 is invalid
AstParser.h:766: error: ‘AstTernaryConstantExpressionHandle’ has not been declared
AstParser.h: In constructor ‘AstTernaryConstantExpressionParser::AstTernaryConstantExpressionParser(TokenStructureHandle, TokenHandle)’:
AstParser.h:764: error: ‘initFromToken’ was not declared in this scope
AstParser.h: At global scope:
AstParser.h:771: error: ‘AstDecimalNumberHandle’ was not declared in this scope
AstParser.h:771: error: template argument 1 is invalid
AstParser.h:777: error: ‘AstDecimalNumberHandle’ has not been declared
AstParser.h: In constructor ‘AstDecimalNumberParser::AstDecimalNumberParser(TokenStructureHandle, TokenHandle)’:
AstParser.h:775: error: ‘initFromToken’ was not declared in this scope
AstParser.h: At global scope:
AstParser.h:782: error: ‘AstKeywordPosedgeHandle’ was not declared in this scope
AstParser.h:782: error: template argument 1 is invalid
AstParser.h:788: error: ‘AstKeywordPosedgeHandle’ has not been declared
AstParser.h: In constructor ‘AstKeywordPosedgeParser::AstKeywordPosedgeParser(TokenStructureHandle, TokenHandle)’:
AstParser.h:786: error: ‘initFromToken’ was not declared in this scope
AstParser.h: At global scope:
AstParser.h:793: error: ‘AstUnaryExpressionHandle’ was not declared in this scope
AstParser.h:793: error: template argument 1 is invalid
AstParser.h:799: error: ‘AstUnaryExpressionHandle’ has not been declared
AstParser.h: In constructor ‘AstUnaryExpressionParser::AstUnaryExpressionParser(TokenStructureHandle, TokenHandle)’:
AstParser.h:797: error: ‘initFromToken’ was not declared in this scope
AstParser.h: At global scope:
AstParser.h:804: error: ‘AstBlockingAssignmentHandle’ was not declared in this scope
AstParser.h:804: error: template argument 1 is invalid
AstParser.h:810: error: ‘AstBlockingAssignmentHandle’ has not been declared
AstParser.h: In constructor ‘AstBlockingAssignmentParser::AstBlockingAssignmentParser(TokenStructureHandle, TokenHandle)’:
AstParser.h:808: error: ‘initFromToken’ was not declared in this scope
AstParser.h: At global scope:
AstParser.h:815: error: ‘AstMultiIdentifierHandle’ was not declared in this scope
AstParser.h:815: error: template argument 1 is invalid
AstParser.h:821: error: ‘AstMultiIdentifierHandle’ has not been declared
AstParser.h: In constructor ‘AstMultiIdentifierParser::AstMultiIdentifierParser(TokenStructureHandle, TokenHandle)’:
AstParser.h:819: error: ‘initFromToken’ was not declared in this scope
AstParser.h: At global scope:
AstParser.h:826: error: ‘AstZeroOrMoreCommaExpressionHandle’ was not declared in this scope
AstParser.h:826: error: template argument 1 is invalid
AstParser.h:832: error: ‘AstZeroOrMoreCommaExpressionHandle’ has not been declared
AstParser.h: In constructor ‘AstZeroOrMoreCommaExpressionParser::AstZeroOrMoreCommaExpressionParser(TokenStructureHandle, TokenHandle)’:
AstParser.h:830: error: ‘initFromToken’ was not declared in this scope
AstParser.h: At global scope:
AstParser.h:837: error: ‘AstNameOfGateInstanceHandle’ was not declared in this scope
AstParser.h:837: error: template argument 1 is invalid
AstParser.h:843: error: ‘AstNameOfGateInstanceHandle’ has not been declared
AstParser.h: In constructor ‘AstNameOfGateInstanceParser::AstNameOfGateInstanceParser(TokenStructureHandle, TokenHandle)’:
AstParser.h:841: error: ‘initFromToken’ was not declared in this scope
AstParser.h: At global scope:
AstParser.h:848: error: ‘AstZeroOrMoreCommaInputTerminalHandle’ was not declared in this scope
AstParser.h:848: error: template argument 1 is invalid
AstParser.h:854: error: ‘AstZeroOrMoreCommaInputTerminalHandle’ has not been declared
AstParser.h: In constructor ‘AstZeroOrMoreCommaInputTerminalParser::AstZeroOrMoreCommaInputTerminalParser(TokenStructureHandle, TokenHandle)’:
AstParser.h:852: error: ‘initFromToken’ was not declared in this scope
AstParser.h: At global scope:
AstParser.h:859: error: ‘AstOutputTerminalHandle’ was not declared in this scope
AstParser.h:859: error: template argument 1 is invalid
AstParser.h:865: error: ‘AstOutputTerminalHandle’ has not been declared
AstParser.h: In constructor ‘AstOutputTerminalParser::AstOutputTerminalParser(TokenStructureHandle, TokenHandle)’:
AstParser.h:863: error: ‘initFromToken’ was not declared in this scope
AstParser.h: At global scope:
AstParser.h:870: error: ‘AstListOfNetAssignmentsHandle’ was not declared in this scope
AstParser.h:870: error: template argument 1 is invalid
AstParser.h:876: error: ‘AstListOfNetAssignmentsHandle’ has not been declared
AstParser.h: In constructor ‘AstListOfNetAssignmentsParser::AstListOfNetAssignmentsParser(TokenStructureHandle, TokenHandle)’:
AstParser.h:874: error: ‘initFromToken’ was not declared in this scope
AstParser.h: At global scope:
AstParser.h:881: error: ‘AstOctalNumberHandle’ was not declared in this scope
AstParser.h:881: error: template argument 1 is invalid
AstParser.h:887: error: ‘AstOctalNumberHandle’ has not been declared
AstParser.h: In constructor ‘AstOctalNumberParser::AstOctalNumberParser(TokenStructureHandle, TokenHandle)’:
AstParser.h:885: error: ‘initFromToken’ was not declared in this scope
AstParser.h: At global scope:
AstParser.h:892: error: ‘AstSimpleIdentifierHandle’ was not declared in this scope
AstParser.h:892: error: template argument 1 is invalid
AstParser.h:898: error: ‘AstSimpleIdentifierHandle’ has not been declared
AstParser.h: In constructor ‘AstSimpleIdentifierParser::AstSimpleIdentifierParser(TokenStructureHandle, TokenHandle)’:
AstParser.h:896: error: ‘initFromToken’ was not declared in this scope
AstParser.h: At global scope:
AstParser.h:903: error: ‘AstZeroOrMoreDotSingleIdentifierHandle’ was not declared in this scope
AstParser.h:903: error: template argument 1 is invalid
AstParser.h:909: error: ‘AstZeroOrMoreDotSingleIdentifierHandle’ has not been declared
AstParser.h: In constructor ‘AstZeroOrMoreDotSingleIdentifierParser::AstZeroOrMoreDotSingleIdentifierParser(TokenStructureHandle, TokenHandle)’:
AstParser.h:907: error: ‘initFromToken’ was not declared in this scope
AstParser.h: At global scope:
AstParser.h:914: error: ‘AstBlockingAssingmentSemicolonHandle’ was not declared in this scope
AstParser.h:914: error: template argument 1 is invalid
AstParser.h:920: error: ‘AstBlockingAssingmentSemicolonHandle’ has not been declared
AstParser.h: In constructor ‘AstBlockingAssingmentSemicolonParser::AstBlockingAssingmentSemicolonParser(TokenStructureHandle, TokenHandle)’:
AstParser.h:918: error: ‘initFromToken’ was not declared in this scope
AstParser.h: At global scope:
AstParser.h:925: error: ‘AstSelectIdentifierHandle’ was not declared in this scope
AstParser.h:925: error: template argument 1 is invalid
AstParser.h:931: error: ‘AstSelectIdentifierHandle’ has not been declared
AstParser.h: In constructor ‘AstSelectIdentifierParser::AstSelectIdentifierParser(TokenStructureHandle, TokenHandle)’:
AstParser.h:929: error: ‘initFromToken’ was not declared in this scope
AstParser.h: At global scope:
AstParser.h:936: error: ‘AstNetAssignmentHandle’ was not declared in this scope
AstParser.h:936: error: template argument 1 is invalid
AstParser.h:942: error: ‘AstNetAssignmentHandle’ has not been declared
AstParser.h: In constructor ‘AstNetAssignmentParser::AstNetAssignmentParser(TokenStructureHandle, TokenHandle)’:
AstParser.h:940: error: ‘initFromToken’ was not declared in this scope
AstParser.h: At global scope:
AstParser.h:947: error: ‘AstConcatenationHandle’ was not declared in this scope
AstParser.h:947: error: template argument 1 is invalid
AstParser.h:953: error: ‘AstConcatenationHandle’ has not been declared
AstParser.h: In constructor ‘AstConcatenationParser::AstConcatenationParser(TokenStructureHandle, TokenHandle)’:
AstParser.h:951: error: ‘initFromToken’ was not declared in this scope
AstParser.h: At global scope:
AstParser.h:958: error: ‘AstUnsignedNumberHandle’ was not declared in this scope
AstParser.h:958: error: template argument 1 is invalid
AstParser.h:964: error: ‘AstUnsignedNumberHandle’ has not been declared
AstParser.h: In constructor ‘AstUnsignedNumberParser::AstUnsignedNumberParser(TokenStructureHandle, TokenHandle)’:
AstParser.h:962: error: ‘initFromToken’ was not declared in this scope
AstParser.h: At global scope:
AstParser.h:969: error: ‘AstKetwordNegedgeHandle’ was not declared in this scope
AstParser.h:969: error: template argument 1 is invalid
AstParser.h:975: error: ‘AstKetwordNegedgeHandle’ has not been declared
AstParser.h: In constructor ‘AstKetwordNegedgeParser::AstKetwordNegedgeParser(TokenStructureHandle, TokenHandle)’:
AstParser.h:973: error: ‘initFromToken’ was not declared in this scope
AstParser.h: At global scope:
AstParser.h:980: error: ‘AstKeywordAssignHandle’ was not declared in this scope
AstParser.h:980: error: template argument 1 is invalid
AstParser.h:986: error: ‘AstKeywordAssignHandle’ has not been declared
AstParser.h: In constructor ‘AstKeywordAssignParser::AstKeywordAssignParser(TokenStructureHandle, TokenHandle)’:
AstParser.h:984: error: ‘initFromToken’ was not declared in this scope
AstParser.h: At global scope:
AstParser.h:991: error: ‘AstAtIdentifierHandle’ was not declared in this scope
AstParser.h:991: error: template argument 1 is invalid
AstParser.h:997: error: ‘AstAtIdentifierHandle’ has not been declared
AstParser.h: In constructor ‘AstAtIdentifierParser::AstAtIdentifierParser(TokenStructureHandle, TokenHandle)’:
AstParser.h:995: error: ‘initFromToken’ was not declared in this scope
AstParser.h: At global scope:
AstParser.h:1002: error: ‘AstStatementOrNullHandle’ was not declared in this scope
AstParser.h:1002: error: template argument 1 is invalid
AstParser.h:1008: error: ‘AstStatementOrNullHandle’ has not been declared
AstParser.h: In constructor ‘AstStatementOrNullParser::AstStatementOrNullParser(TokenStructureHandle, TokenHandle)’:
AstParser.h:1006: error: ‘initFromToken’ was not declared in this scope
testAstParser.cc: In function ‘void test_parse_unsigned_number()’:
testAstParser.cc:8: error: ‘class AstUnsignedNumberParser’ has no member named ‘parseString’
testAstParser.cc:8: error: ‘class AstUnsignedNumberParser’ has no member named ‘parseString’
testAstParser.cc: In function ‘void test_parse_binary_number()’:
testAstParser.cc:15: error: ‘class AstBinaryNumberParser’ has no member named ‘parseString’
testAstParser.cc:15: error: ‘class AstBinaryNumberParser’ has no member named ‘parseString’
testAstParser.cc: In function ‘void test_parse_octal_number()’:
testAstParser.cc:21: error: ‘class AstOctalNumberParser’ has no member named ‘parseString’
testAstParser.cc:21: error: ‘class AstOctalNumberParser’ has no member named ‘parseString’
testAstParser.cc: In function ‘void test_parse_decimal_number()’:
testAstParser.cc:28: error: ‘class AstDecimalNumberParser’ has no member named ‘parseString’
testAstParser.cc:28: error: ‘class AstDecimalNumberParser’ has no member named ‘parseString’
testAstParser.cc: In function ‘void test_parse_heximal_number()’:
testAstParser.cc:34: error: ‘class AstHeximalNumberParser’ has no member named ‘parseString’
testAstParser.cc:34: error: ‘class AstHeximalNumberParser’ has no member named ‘parseString’
testAstParser.cc: In function ‘void test_parse_number_unsigned_number()’:
testAstParser.cc:41: error: ‘class AstNumberParser’ has no member named ‘parseString’
testAstParser.cc:41: error: ‘class AstNumberParser’ has no member named ‘parseString’
testAstParser.cc: In function ‘void test_parse_number_binary_number()’:
testAstParser.cc:47: error: ‘class AstNumberParser’ has no member named ‘parseString’
testAstParser.cc:47: error: ‘class AstNumberParser’ has no member named ‘parseString’
testAstParser.cc: In function ‘void test_parse_number_octal_number()’:
testAstParser.cc:54: error: ‘class AstNumberParser’ has no member named ‘parseString’
testAstParser.cc:54: error: ‘class AstNumberParser’ has no member named ‘parseString’
testAstParser.cc: In function ‘void test_parse_number_decimal_number()’:
testAstParser.cc:61: error: ‘class AstNumberParser’ has no member named ‘parseString’
testAstParser.cc:61: error: ‘class AstNumberParser’ has no member named ‘parseString’
testAstParser.cc: In function ‘void test_parse_number_heximal_number()’:
testAstParser.cc:68: error: ‘class AstNumberParser’ has no member named ‘parseString’
testAstParser.cc:68: error: ‘class AstNumberParser’ has no member named ‘parseString’
testAstParser.cc: In function ‘void test_parse_simple_identifier()’:
testAstParser.cc:75: error: ‘class AstSimpleIdentifierParser’ has no member named ‘parseString’
testAstParser.cc:75: error: ‘class AstSimpleIdentifierParser’ has no member named ‘parseString’
testAstParser.cc: In function ‘void test_parse_single_identifier_simple_identifier()’:
testAstParser.cc:81: error: ‘class AstSingleIdentifierParser’ has no member named ‘parseString’
testAstParser.cc:81: error: ‘class AstSingleIdentifierParser’ has no member named ‘parseString’
testAstParser.cc: In function ‘void test_parse_zero_or_more_dot_single_identifier()’:
testAstParser.cc:87: error: ‘class AstZeroOrMoreDotSingleIdentifierParser’ has no member named ‘parseString’
testAstParser.cc:87: error: ‘class AstZeroOrMoreDotSingleIdentifierParser’ has no member named ‘parseString’
testAstParser.cc:88: error: ‘class AstZeroOrMoreDotSingleIdentifierParser’ has no member named ‘parseString’
testAstParser.cc:88: error: ‘class AstZeroOrMoreDotSingleIdentifierParser’ has no member named ‘parseString’
testAstParser.cc: In function ‘void test_parse_multi_identifier()’:
testAstParser.cc:94: error: ‘class AstMultiIdentifierParser’ has no member named ‘parseString’
testAstParser.cc:94: error: ‘class AstMultiIdentifierParser’ has no member named ‘parseString’
testAstParser.cc: In function ‘void test_parse_identifer()’:
testAstParser.cc:101: error: ‘class AstIdentifierParser’ has no member named ‘parseString’
testAstParser.cc:101: error: ‘class AstIdentifierParser’ has no member named ‘parseString’
testAstParser.cc:103: error: ‘class AstIdentifierParser’ has no member named ‘parseString’
testAstParser.cc:103: error: ‘class AstIdentifierParser’ has no member named ‘parseString’
testAstParser.cc: In function ‘void test_parse_primary_number()’:
testAstParser.cc:109: error: ‘class AstPrimaryParser’ has no member named ‘parseString’
testAstParser.cc:109: error: ‘class AstPrimaryParser’ has no member named ‘parseString’
testAstParser.cc: In function ‘void test_parse_primary_identifier()’:
testAstParser.cc:115: error: ‘class AstPrimaryParser’ has no member named ‘parseString’
testAstParser.cc:115: error: ‘class AstPrimaryParser’ has no member named ‘parseString’
testAstParser.cc: In function ‘void test_parse_expression_primary()’:
testAstParser.cc:121: error: ‘class AstExpressionParser’ has no member named ‘parseString’
testAstParser.cc:121: error: ‘class AstExpressionParser’ has no member named ‘parseString’
testAstParser.cc: In function ‘void test_parse_unary_expression()’:
testAstParser.cc:127: error: ‘class AstUnaryExpressionParser’ has no member named ‘parseString’
testAstParser.cc:127: error: ‘class AstUnaryExpressionParser’ has no member named ‘parseString’
testAstParser.cc: In function ‘void test_parse_expression_unary_expression()’:
testAstParser.cc:132: error: ‘class AstExpressionParser’ has no member named ‘parseString’
testAstParser.cc:132: error: ‘class AstExpressionParser’ has no member named ‘parseString’
testAstParser.cc: In function ‘void test_parse_expression_binary_expression()’:
testAstParser.cc:138: error: ‘class AstExpressionParser’ has no member named ‘parseString’
testAstParser.cc:138: error: ‘class AstExpressionParser’ has no member named ‘parseString’
testAstParser.cc: In function ‘void test_parse_braced_expression()’:
testAstParser.cc:145: error: ‘class AstBracedExpressionParser’ has no member named ‘parseString’
testAstParser.cc:145: error: ‘class AstBracedExpressionParser’ has no member named ‘parseString’
testAstParser.cc: In function ‘void test_parse_expression_braced_expression()’:
testAstParser.cc:151: error: ‘class AstExpressionParser’ has no member named ‘parseString’
testAstParser.cc:151: error: ‘class AstExpressionParser’ has no member named ‘parseString’
testAstParser.cc: In function ‘void test_parse_expression_ternary_expression()’:
testAstParser.cc:157: error: ‘class AstExpressionParser’ has no member named ‘parseString’
testAstParser.cc:157: error: ‘class AstExpressionParser’ has no member named ‘parseString’
testAstParser.cc: In function ‘void test_parse_bit_select()’:
testAstParser.cc:163: error: ‘class AstBitSelectParser’ has no member named ‘parseString’
testAstParser.cc:163: error: ‘class AstBitSelectParser’ has no member named ‘parseString’
testAstParser.cc: In function ‘void test_parse_range_select()’:
testAstParser.cc:169: error: ‘class AstRangeSelectParser’ has no member named ‘parseString’
testAstParser.cc:169: error: ‘class AstRangeSelectParser’ has no member named ‘parseString’
testAstParser.cc: In function ‘void test_parse_select()’:
testAstParser.cc:175: error: ‘class AstSelectParser’ has no member named ‘parseString’
testAstParser.cc:175: error: ‘class AstSelectParser’ has no member named ‘parseString’
testAstParser.cc:177: error: ‘class AstSelectParser’ has no member named ‘parseString’
testAstParser.cc:177: error: ‘class AstSelectParser’ has no member named ‘parseString’
testAstParser.cc: In function ‘void test_parse_one_or_more_select()’:
testAstParser.cc:183: error: ‘class AstOneOrMoreSelectParser’ has no member named ‘parseString’
testAstParser.cc:183: error: ‘class AstOneOrMoreSelectParser’ has no member named ‘parseString’
testAstParser.cc:184: error: ‘class AstOneOrMoreSelectParser’ has no member named ‘parseString’
testAstParser.cc:184: error: ‘class AstOneOrMoreSelectParser’ has no member named ‘parseString’
testAstParser.cc: In function ‘void test_parse_select_identifier()’:
testAstParser.cc:190: error: ‘class AstSelectIdentifierParser’ has no member named ‘parseString’
testAstParser.cc:190: error: ‘class AstSelectIdentifierParser’ has no member named ‘parseString’
testAstParser.cc: In function ‘void test_parse_primary_select_identifier()’:
testAstParser.cc:196: error: ‘class AstPrimaryParser’ has no member named ‘parseString’
testAstParser.cc:196: error: ‘class AstPrimaryParser’ has no member named ‘parseString’
testAstParser.cc: In function ‘void test_parse_one_or_more_comma_expression()’:
testAstParser.cc:203: error: ‘class AstOneOrMoreCommaExpressionParser’ has no member named ‘parseString’
testAstParser.cc:203: error: ‘class AstOneOrMoreCommaExpressionParser’ has no member named ‘parseString’
testAstParser.cc: In function ‘void test_parse_concatenation()’:
testAstParser.cc:210: error: ‘class AstConcatenationParser’ has no member named ‘parseString’
testAstParser.cc:210: error: ‘class AstConcatenationParser’ has no member named ‘parseString’
testAstParser.cc:212: error: ‘class AstConcatenationParser’ has no member named ‘parseString’
testAstParser.cc:212: error: ‘class AstConcatenationParser’ has no member named ‘parseString’
testAstParser.cc: In function ‘void test_parse_multiple_concatenation()’:
testAstParser.cc:220: error: ‘class AstMultipleConcatenationParser’ has no member named ‘parseString’
testAstParser.cc:220: error: ‘class AstMultipleConcatenationParser’ has no member named ‘parseString’
testAstParser.cc: In function ‘void test_parse_primary_concatenation()’:
testAstParser.cc:228: error: ‘class AstPrimaryParser’ has no member named ‘parseString’
testAstParser.cc:228: error: ‘class AstPrimaryParser’ has no member named ‘parseString’
testAstParser.cc:229: error: ‘class AstPrimaryParser’ has no member named ‘parseString’
testAstParser.cc:229: error: ‘class AstPrimaryParser’ has no member named ‘parseString’
testAstParser.cc: In function ‘void test_parse_primary_multiple_concatenation()’:
testAstParser.cc:236: error: ‘class AstPrimaryParser’ has no member named ‘parseString’
testAstParser.cc:236: error: ‘class AstPrimaryParser’ has no member named ‘parseString’
testAstParser.cc: In function ‘void test_parse_constant_primary_identifier()’:
testAstParser.cc:243: error: ‘class AstConstantPrimaryParser’ has no member named ‘parseString’
testAstParser.cc:243: error: ‘class AstConstantPrimaryParser’ has no member named ‘parseString’
testAstParser.cc: In function ‘void test_parse_constant_primary_concatenation()’:
testAstParser.cc:249: error: ‘class AstConstantPrimaryParser’ has no member named ‘parseString’
testAstParser.cc:249: error: ‘class AstConstantPrimaryParser’ has no member named ‘parseString’
testAstParser.cc: In function ‘void test_parse_constant_primary_multiple_concatenation()’:
testAstParser.cc:256: error: ‘class AstConstantPrimaryParser’ has no member named ‘parseString’
testAstParser.cc:256: error: ‘class AstConstantPrimaryParser’ has no member named ‘parseString’
testAstParser.cc: In function ‘void test_parse_constant_primary_number()’:
testAstParser.cc:264: error: ‘class AstConstantPrimaryParser’ has no member named ‘parseString’
testAstParser.cc:264: error: ‘class AstConstantPrimaryParser’ has no member named ‘parseString’
testAstParser.cc: In function ‘void test_parse_constant_expression_primary()’:
testAstParser.cc:270: error: ‘class AstConstantExpressionParser’ has no member named ‘parseString’
testAstParser.cc:270: error: ‘class AstConstantExpressionParser’ has no member named ‘parseString’
testAstParser.cc: In function ‘void test_parse_constant_expression_expression()’:
testAstParser.cc:276: error: ‘class AstConstantExpressionParser’ has no member named ‘parseString’
testAstParser.cc:276: error: ‘class AstConstantExpressionParser’ has no member named ‘parseString’
testAstParser.cc: In function ‘void test_parse_constant_expression_unary_constant_expression()’:
testAstParser.cc:282: error: ‘class AstConstantExpressionParser’ has no member named ‘parseString’
testAstParser.cc:282: error: ‘class AstConstantExpressionParser’ has no member named ‘parseString’
testAstParser.cc: In function ‘void test_parse_constant_expression_binary_op()’:
testAstParser.cc:288: error: ‘class AstConstantExpressionParser’ has no member named ‘parseString’
testAstParser.cc:288: error: ‘class AstConstantExpressionParser’ has no member named ‘parseString’
testAstParser.cc: In function ‘void test_parse_constant_expression_ternary_op()’:
testAstParser.cc:294: error: ‘class AstConstantExpressionParser’ has no member named ‘parseString’
testAstParser.cc:294: error: ‘class AstConstantExpressionParser’ has no member named ‘parseString’
testAstParser.cc: In function ‘void test_parse_range()’:
testAstParser.cc:300: error: ‘class AstRangeParser’ has no member named ‘parseString’
testAstParser.cc:300: error: ‘class AstRangeParser’ has no member named ‘parseString’
testAstParser.cc: In function ‘void test_parse_net_lvalue_identifier()’:
testAstParser.cc:307: error: ‘class AstNetLvalueParser’ has no member named ‘parseString’
testAstParser.cc:307: error: ‘class AstNetLvalueParser’ has no member named ‘parseString’
testAstParser.cc: In function ‘void test_parse_net_lvalue_bit_select()’:
testAstParser.cc:312: error: ‘class AstNetLvalueParser’ has no member named ‘parseString’
testAstParser.cc:312: error: ‘class AstNetLvalueParser’ has no member named ‘parseString’
testAstParser.cc: In function ‘void test_parse_net_lvalue_range_select()’:
testAstParser.cc:317: error: ‘class AstNetLvalueParser’ has no member named ‘parseString’
testAstParser.cc:317: error: ‘class AstNetLvalueParser’ has no member named ‘parseString’
testAstParser.cc: In function ‘void test_parse_net_lvaue_concatenation()’:
testAstParser.cc:322: error: ‘class AstNetLvalueParser’ has no member named ‘parseString’
testAstParser.cc:322: error: ‘class AstNetLvalueParser’ has no member named ‘parseString’
testAstParser.cc: In function ‘void test_parse_net_assignment()’:
testAstParser.cc:331: error: ‘class AstNetAssignmentParser’ has no member named ‘parseString’
testAstParser.cc:331: error: ‘class AstNetAssignmentParser’ has no member named ‘parseString’
testAstParser.cc:332: error: ‘class AstNetAssignmentParser’ has no member named ‘parseString’
testAstParser.cc:332: error: ‘class AstNetAssignmentParser’ has no member named ‘parseString’
testAstParser.cc: In function ‘void test_parse_zero_or_more_comma_net_assignment()’:
testAstParser.cc:338: error: ‘class AstZeroOrMoreCommaNetAssignmentParser’ has no member named ‘parseString’
testAstParser.cc:338: error: ‘class AstZeroOrMoreCommaNetAssignmentParser’ has no member named ‘parseString’
testAstParser.cc: In function ‘void test_parse_list_of_net_assignment()’:
testAstParser.cc:345: error: ‘class AstListOfNetAssignmentsParser’ has no member named ‘parseString’
testAstParser.cc:345: error: ‘class AstListOfNetAssignmentsParser’ has no member named ‘parseString’
testAstParser.cc:347: error: ‘class AstListOfNetAssignmentsParser’ has no member named ‘parseString’
testAstParser.cc:347: error: ‘class AstListOfNetAssignmentsParser’ has no member named ‘parseString’
testAstParser.cc: In function ‘void test_parse_continuous_assign()’:
testAstParser.cc:355: error: ‘class AstContinuousAssignParser’ has no member named ‘parseString’
testAstParser.cc:355: error: ‘class AstContinuousAssignParser’ has no member named ‘parseString’
testAstParser.cc:356: error: ‘class AstContinuousAssignParser’ has no member named ‘parseString’
testAstParser.cc:356: error: ‘class AstContinuousAssignParser’ has no member named ‘parseString’
testAstParser.cc: In function ‘void test_parse_reg_lvalue_identifier()’:
testAstParser.cc:366: error: ‘class AstRegLvalueParser’ has no member named ‘parseString’
testAstParser.cc:366: error: ‘class AstRegLvalueParser’ has no member named ‘parseString’
testAstParser.cc: In function ‘void test_parse_reg_lvalue_select_identifier()’:
testAstParser.cc:372: error: ‘class AstRegLvalueParser’ has no member named ‘parseString’
testAstParser.cc:372: error: ‘class AstRegLvalueParser’ has no member named ‘parseString’
testAstParser.cc: In function ‘void test_parse_reg_lvalue_concatenation()’:
testAstParser.cc:378: error: ‘class AstRegLvalueParser’ has no member named ‘parseString’
testAstParser.cc:378: error: ‘class AstRegLvalueParser’ has no member named ‘parseString’
testAstParser.cc: In function ‘void test_parse_blocking_assignment()’:
testAstParser.cc:386: error: ‘class AstBlockingAssignmentParser’ has no member named ‘parseString’
testAstParser.cc:386: error: ‘class AstBlockingAssignmentParser’ has no member named ‘parseString’
testAstParser.cc: In function ‘void test_parse_name_of_gate_instance()’:
testAstParser.cc:393: error: ‘class AstNameOfGateInstanceParser’ has no member named ‘parseString’
testAstParser.cc:393: error: ‘class AstNameOfGateInstanceParser’ has no member named ‘parseString’
testAstParser.cc: In function ‘void test_parse_input_terminal()’:
testAstParser.cc:399: error: ‘class AstInputTerminalParser’ has no member named ‘parseString’
testAstParser.cc:399: error: ‘class AstInputTerminalParser’ has no member named ‘parseString’
testAstParser.cc: In function ‘void test_parse_output_terminal()’:
testAstParser.cc:406: error: ‘class AstOutputTerminalParser’ has no member named ‘parseString’
testAstParser.cc:406: error: ‘class AstOutputTerminalParser’ has no member named ‘parseString’
testAstParser.cc: In function ‘void test_parse_n_input_gate_instance()’:
testAstParser.cc:412: error: ‘class AstNInputGateInstanceParser’ has no member named ‘parseString’
testAstParser.cc:412: error: ‘class AstNInputGateInstanceParser’ has no member named ‘parseString’
testAstParser.cc: In function ‘void test_parse_n_output_gate_instance()’:
testAstParser.cc:418: error: ‘class AstNOutputGateInstanceParser’ has no member named ‘parseString’
testAstParser.cc:418: error: ‘class AstNOutputGateInstanceParser’ has no member named ‘parseString’
testAstParser.cc: In function ‘void test_parse_gate_instantiation()’:
testAstParser.cc:424: error: ‘class AstGateInstantiationParser’ has no member named ‘parseString’
testAstParser.cc:424: error: ‘class AstGateInstantiationParser’ has no member named ‘parseString’
testAstParser.cc: In function ‘void test_parse_non_blocking_assignment()’:
testAstParser.cc:430: error: ‘class AstNonBlockingAssignmentParser’ has no member named ‘parseString’
testAstParser.cc:430: error: ‘class AstNonBlockingAssignmentParser’ has no member named ‘parseString’
testAstParser.cc: In function ‘void test_parse_statement_blocking_assignment()’:
testAstParser.cc:436: error: ‘class AstStatementParser’ has no member named ‘parseString’
testAstParser.cc:436: error: ‘class AstStatementParser’ has no member named ‘parseString’
testAstParser.cc: In function ‘void test_parse_statement_non_blocking_assignment()’:
testAstParser.cc:442: error: ‘class AstStatementParser’ has no member named ‘parseString’
testAstParser.cc:442: error: ‘class AstStatementParser’ has no member named ‘parseString’
testAstParser.cc: In function ‘void test_parse_statement_procedural_continuous_assignment()’:
testAstParser.cc:448: error: ‘class AstStatementParser’ has no member named ‘parseString’
testAstParser.cc:448: error: ‘class AstStatementParser’ has no member named ‘parseString’
testAstParser.cc: In function ‘void test_parse_procedural_timing_control_statement()’:
testAstParser.cc:454: error: ‘class AstStatementParser’ has no member named ‘parseString’
testAstParser.cc:454: error: ‘class AstStatementParser’ has no member named ‘parseString’
make: *** [testAstParser.o] Error 1
